\BOOKMARK [1][-]{section*.1}{Eidesstattliche Erkl\344rung}{}% 1
\BOOKMARK [1][-]{section*.2}{Danksagungen}{}% 2
\BOOKMARK [1][-]{section*.3}{Zusammenfassung / Abstract}{}% 3
\BOOKMARK [0][-]{chapter.1}{Einleitung}{}% 4
\BOOKMARK [1][-]{section.1.1}{Motivation}{chapter.1}% 5
\BOOKMARK [1][-]{section.1.2}{Problematik}{chapter.1}% 6
\BOOKMARK [1][-]{section.1.3}{\334berblick}{chapter.1}% 7
\BOOKMARK [1][-]{section.1.4}{Stand der Technik}{chapter.1}% 8
\BOOKMARK [0][-]{chapter.2}{Grundlagen}{}% 9
\BOOKMARK [1][-]{section.2.1}{Zustandsraumdarstellung}{chapter.2}% 10
\BOOKMARK [1][-]{section.2.2}{inverse und direkte Kinematik}{chapter.2}% 11
\BOOKMARK [0][-]{chapter.3}{Modellbildung}{}% 12
\BOOKMARK [1][-]{section.3.1}{Verwendete Koordinatensysteme}{chapter.3}% 13
\BOOKMARK [1][-]{section.3.2}{Bewegungsgleichungen}{chapter.3}% 14
\BOOKMARK [1][-]{section.3.3}{Differentialantrieb}{chapter.3}% 15
\BOOKMARK [1][-]{section.3.4}{Trajektorienfolgeregelung}{chapter.3}% 16
\BOOKMARK [0][-]{chapter.4}{Simulation}{}% 17
\BOOKMARK [1][-]{section.4.1}{Dynamische Regelung}{chapter.4}% 18
\BOOKMARK [1][-]{section.4.2}{Trajektorien Regelung}{chapter.4}% 19
\BOOKMARK [0][-]{chapter.5}{Entwurf}{}% 20
\BOOKMARK [1][-]{section.5.1}{Raspberry Pi}{chapter.5}% 21
\BOOKMARK [1][-]{section.5.2}{Realisierung auf dem RaspberryPi}{chapter.5}% 22
\BOOKMARK [0][-]{chapter.6}{Zusammenfassung und Ausblick}{}% 23
\BOOKMARK [1][-]{section.6.1}{Fazit}{chapter.6}% 24
\BOOKMARK [1][-]{section.6.2}{Ausblick}{chapter.6}% 25
